#buildingId(key)	heatingNeeds(Wh)	coolingNeeds(Wh)
9(2039711):	9.79697e+07	-3.29725e+06
20(1013154):	4.72639e+07	-1.34815e+08
36(1013149):	2.40553e+08	-5.80417e+06
37(2037939):	6.78031e+07	-1.34999e+07
89(1012992):	7.91351e+07	-6.43307e+06
125(1013059):	5.87121e+07	-2.1686e+07
126(1013047):	1.60947e+08	-3.01559e+06
139(295099614):	3.43872e+06	-323974
162(2037201):	3.74902e+08	-1.30862e+07
164(295095039):	8.39677e+06	-159325
194(1013163):	5.56898e+07	-1.30375e+07
195(1013056):	6.39062e+07	-5.63028e+06
227(1012869):	1.33395e+08	-1.84021e+07
238(2039523):	2.26639e+08	-9.11559e+07
315(1013157):	5.44606e+07	-1.46597e+07
334(1013051):	1.04338e+08	-3.43089e+06
342(295095553):	909100	-6957.27
361(1013117):	1.3943e+08	-4.21339e+06
374(295081219):	2.80506e+07	-990286
409(1013086):	4.02626e+07	-1.77849e+07
416(1013135):	6.00703e+07	-7.67439e+06
573(1013284):	8.02031e+07	-1.92404e+06
616(2039258):	1.17667e+08	-2.87768e+07
617(295101591):	7.93711e+07	-829853
619(295095828):	4.55843e+06	-5935.78
646(2038232):	1.10996e+09	-8.65763e+07
650(190044370):	8.16825e+07	-7.58464e+06
652(1012958):	2.64851e+08	-1.24823e+07
657(295094850):	9.59909e+07	-963473
690(295102954):	1.61701e+06	-8424.15
696(1013194):	7.15713e+07	-3.54147e+07
697(295104631):	1.13105e+08	-2.05135e+06
700(295101810):	1.90559e+07	-1.28366e+06
701(1013192):	9.4095e+07	-2.41332e+07
703(2038847):	1.14233e+08	-3.04996e+06
713(1013119):	1.40125e+08	-4.21025e+06
719(1012966):	1.03538e+08	-1.46455e+06
720(295081610):	1.68077e+07	-1.80809e+07
723(295080446):	1.14102e+09	-5.30431e+07
725(1013202):	6.30163e+07	-1.00991e+07
727(1012891):	5.5594e+07	-2.21443e+07
729(1013251):	6.65741e+07	-9.79722e+06
732(1013007):	6.37144e+07	-6.04208e+06
733(295081232):	3.34506e+07	-1.68982e+06
735(1013008):	5.65713e+07	-7.64937e+06
737(1013106):	9.47692e+07	-7.14839e+06
739(295096701):	1.90909e+07	-2.09712e+06
742(295157033):	1.94893e+06	-193404
773(295094578):	2.3837e+07	-2.59585e+06
777(295081375):	2.14149e+07	-2.05125e+06
779(1012920):	7.70335e+07	-7.99206e+06
780(1013209):	4.27237e+07	-9.37389e+06
787(295103533):	1.16252e+07	-58579.5
945(1013248):	2.83462e+08	-1.04902e+07
967(2037444):	8.85041e+07	-4.17549e+06
968(1013185):	1.1444e+08	-2.54196e+07
977(1013227):	1.0606e+08	-8.76899e+06
981(295111384):	9.79481e+07	-1.04975e+07
988(295095554):	1.35269e+06	-10441.8
989(295511883):	2.36441e+06	-187628
997(295081608):	5.97717e+07	-7.61373e+06
1005(1013084):	1.08686e+08	-2.15753e+07
1009(1013005):	1.10256e+08	-9.09999e+06
1033(1013260):	7.97444e+07	-6.27909e+06
1059(295080439):	4.35206e+07	-1.72914e+06
1323(295087874):	7.07125e+06	-127834
1390(1013200):	4.72649e+07	-7.63898e+06
1435(1013242):	2.33333e+08	-5.47021e+07
1468(1013292):	1.40983e+08	-1.32569e+07
1474(2037447):	1.12623e+08	-3.8661e+06
1476(1013189):	1.1e+08	-2.26382e+07
1479(1012941):	1.02159e+08	-2.93719e+06
1481(1013082):	7.72496e+07	-3.00121e+07
1482(1012902):	9.53632e+07	-9.28443e+06
1483(295094776):	3.30094e+08	-2.9169e+06
1487(2038626):	1.53365e+08	-9.2583e+06
1489(1013093):	8.00935e+07	-2.47463e+06
1491(295081244):	1.19457e+07	-649758
1495(1012922):	5.29574e+07	-2.83394e+07
1496(1013231):	9.1598e+07	-1.7816e+07
1497(1013003):	1.13473e+08	-1.13875e+07
1498(1013068):	1.06132e+08	-8.19388e+06
1499(1013130):	1.32811e+08	-3.50225e+06
1505(295080452):	4.96429e+06	-578990
1507(1013049):	6.44241e+07	-1.30094e+06
1509(295101767):	2.21962e+07	-753440
1515(295081202):	1.42187e+06	-139852
1518(295094840):	1.37489e+08	-5.81593e+06
1542(1013032):	4.94404e+07	-1.01665e+07
1549(1013290):	8.13988e+07	-2.16044e+06
1550(295030332):	1.60605e+07	-274233
1553(1012909):	7.61144e+07	-3.78533e+06
1562(295101583):	7.18554e+06	-2.65491e+06
1563(295095544):	3.17558e+06	-570790
1566(295101804):	2.85175e+07	-2.67283e+06
1567(295081614):	9.57827e+06	-269382
1575(295081204):	5.03635e+06	-272909
1606(295127870):	1.5187e+08	-5.44139e+06
1654(295081783):	1.39238e+08	-4.34787e+07
1706(295094770):	4.19393e+06	-116091
1722(295075088):	1.86779e+06	-693464
1730(1013148):	1.27195e+08	-1.66674e+07
1732(1013132):	1.90405e+08	-5.10863e+06
1734(2038841):	1.45245e+08	-8.56523e+06
1736(2037107):	6.48438e+07	-1.88717e+08
1737(1013255):	1.04935e+09	-3.19072e+07
1741(1012880):	6.48254e+07	-5.39589e+06
1745(295101565):	6.12091e+07	-547045
1747(1013113):	1.00196e+08	-2.35698e+06
1754(295080441):	2.9084e+07	-3.84708e+06
1762(295094839):	2.12097e+07	-2.52505e+06
1764(295094560):	2.41123e+07	-2.47743e+06
1773(1013246):	1.07953e+08	-1.56167e+07
1774(295081589):	9.8667e+07	-2.20648e+06
1776(1012956):	1.7468e+08	-5.19176e+06
1777(295087875):	5.42825e+07	-480282
1810(295095807):	9.21234e+07	-1.09844e+07
2011(2039730):	3.55372e+07	-2.4546e+07
2243(295101570):	2.18406e+08	-4.46737e+06
2245(1012947):	2.38182e+08	-5.07657e+06
2247(2039722):	2.14606e+08	-6.03306e+06
2248(295095861):	4.06152e+08	-1.3243e+07
2249(295172940):	3.52779e+08	-7.88532e+06
2252(295080460):	8.83638e+07	-2.61861e+06
2300(1013195):	7.35521e+07	-3.31099e+07
2312(1012878):	8.07139e+07	-8.47397e+06
2317(1012965):	1.66221e+08	-6.60532e+06
2324(295112736):	3.67385e+08	-2.57462e+07
2331(1013085):	6.87883e+07	-1.78348e+07
2332(2037813):	5.06056e+07	-3.67456e+06
2333(1013013):	7.94602e+07	-9.73709e+06
2334(295080714):	8.55654e+07	-1.5327e+06
2341(1012864):	7.43845e+07	-5.50385e+06
2342(295096297):	1.7612e+07	-249319
2350(2039332):	1.28448e+08	-3.54955e+07
2373(1013028):	7.79005e+07	-2.15288e+06
2378(1013196):	5.09875e+07	-5.14008e+06
2386(295081281):	7.75405e+06	-135443
2397(295095545):	1.64628e+07	-87430.6
2479(295516185):	8.23945e+06	-502246
2489(295097005):	2.53648e+08	-8.14549e+06
2577(2037214):	1.03984e+08	-2.36042e+06
2578(1013150):	1.95678e+08	-4.55497e+06
2581(2037885):	2.42159e+07	-1.16951e+06
2583(1012883):	5.52038e+07	-1.13127e+07
2584(295081609):	1.77269e+08	-8.64766e+07
2589(295087680):	4.33435e+06	-69242.3
2591(295097162):	4.3825e+07	-316186
2599(295103582):	2.54835e+07	-1.02142e+06
2615(295081242):	5.91872e+06	-146496
2621(1013071):	1.48302e+08	-4.46893e+06
2623(1012942):	7.5114e+07	-6.07381e+06
2625(1013276):	1.28142e+08	-1.76195e+06
2638(1013137):	1.13848e+08	-3.02905e+06
2645(1013226):	9.92721e+07	-9.04871e+06
2914(295140566):	3.25327e+08	-1.11695e+07
2916(2037881):	5.29842e+08	-1.11794e+07
3084(1012948):	2.23278e+08	-7.54349e+06
3096(2036983):	1.8222e+09	-5.23242e+07
3152(1013012):	1.12981e+08	-2.37811e+07
3156(1013052):	1.99845e+08	-4.71541e+06
3157(2038198):	1.31791e+08	-2.68897e+06
3158(1013177):	1.95219e+08	-6.28539e+06
3162(1013201):	7.24866e+07	-2.72707e+07
3165(295097161):	1.28329e+06	-23712.4
3166(1013098):	8.07431e+07	-2.53445e+06
3168(295101805):	1.50646e+07	-1.33575e+06
3169(1012875):	1.05892e+08	-2.30679e+06
3176(1013083):	7.72686e+07	-2.91861e+07
3177(1012900):	7.12036e+07	-2.05564e+07
3189(1012857):	4.90736e+07	-2.57177e+06
3190(1013114):	7.07628e+07	-8.69921e+06
3201(1012967):	5.68979e+07	-558325
3202(2037120):	4.48435e+07	-2.16655e+06
3239(1013210):	6.59919e+07	-4.93685e+06
3240(1013143):	1.00349e+08	-1.67946e+06
3241(1013266):	1.06497e+08	-2.09499e+06
3243(295112641):	1.06619e+08	-6.81053e+06
3247(2038490):	4.22468e+07	-1.45923e+06
3251(2037077):	1.30194e+07	-104224
3262(295101786):	9.67858e+06	-337394
3265(295138605):	1.25528e+07	-71853.7
3278(295081203):	3.76161e+06	-289155
3423(1013279):	1.73325e+08	-3.63184e+06
3428(295081847):	1.58481e+08	-3.3124e+06
3429(2039731):	3.44428e+08	-1.68151e+07
3430(2037441):	2.9595e+07	-1.54604e+08
3452(1013142):	8.21829e+07	-6.27135e+06
3464(1013166):	4.89855e+07	-1.27207e+08
3468(1013273):	8.63567e+08	-5.47439e+07
3473(1013250):	5.96475e+07	-9.40595e+06
3474(1013235):	5.51517e+07	-1.69613e+07
3480(295094876):	2.27569e+06	-32951.2
3488(1013293):	7.84862e+07	-3.28334e+06
3490(1013145):	7.18435e+07	-2.76895e+06
3492(1013249):	6.34173e+07	-1.38995e+06
3513(1013213):	1.25783e+08	-2.77986e+06
3514(1012917):	6.93792e+07	-9.70089e+06
3519(1012873):	6.35493e+07	-9.90356e+06
3530(1013169):	7.48843e+07	-1.24312e+07
3531(1013136):	1.09234e+08	-3.6108e+06
3532(1013217):	1.29647e+08	-3.45969e+06
3621(2039529):	9.95852e+07	-2.96566e+07
3677(295127869):	1.37922e+07	-463797
3791(9006891):	5.33952e+09	-1.14305e+08
3860(295143991):	1.15474e+08	-2.86927e+06
3911(1012866):	1.18018e+08	-1.78397e+07
3924(295172941):	2.26024e+08	-5.75964e+06
3961(2039264):	8.02555e+07	-4.6167e+06
3977(2037817):	7.51827e+07	-27919.9
3980(295097773):	3.5074e+08	-1.75827e+07
3984(2037956):	3.07119e+08	-7.93788e+06
3985(295079724):	2.27557e+07	-180682
3988(2037443):	1.44261e+08	-7.0155e+06
4025(295080448):	3.533e+06	-415073
4033(295101571):	4.15033e+07	-88934.1
4041(1013122):	2.15786e+08	-5.67246e+06
4043(1013147):	1.08226e+08	-1.27298e+07
4044(2037206):	1.44969e+08	-4.49806e+06
4049(1013178):	1.00692e+08	-1.35364e+07
4051(1013115):	1.15204e+08	-7.09641e+06
4053(1013294):	6.89932e+07	-6.85298e+06
4054(1013112):	1.21319e+08	-2.75498e+06
4058(1013011):	8.48633e+07	-4.31352e+06
4061(1012988):	7.93084e+07	-6.20098e+06
4071(295076509):	7.76402e+06	-511898
4073(1013029):	4.75593e+07	-5.7742e+06
4083(295129186):	1.24349e+07	-5356.22
4084(295075801):	2.53731e+07	-509482
4087(295094561):	2.41202e+07	-2.56698e+06
4096(1013274):	7.57982e+07	-5.30843e+06
4097(1013275):	8.71396e+07	-1.54617e+06
4099(1013022):	8.77074e+07	-2.25327e+06
4102(1013027):	8.23185e+07	-2.1162e+06
4132(295094778):	2.89388e+06	-283628
4141(1013236):	9.39852e+07	-2.33313e+07
4148(1013138):	1.07576e+08	-8.95411e+06
4171(1013063):	6.43238e+07	-5.93612e+06
4253(295081611):	1.87141e+07	-8.87175e+06
4261(295094775):	3.03842e+06	-294028
4303(1012975):	1.66356e+08	-9.01449e+06
4305(1012921):	7.34425e+07	-5.74978e+07
4308(1013254):	2.37731e+08	-8.28867e+06
4323(295010322):	7.07941e+07	-1.45808e+07
4328(1013123):	1.48249e+08	-2.9877e+06
4329(9006922):	1.69209e+08	-4.97698e+06
4331(1013074):	1.19716e+08	-9.92339e+06
4336(1013009):	1.6563e+08	-3.70614e+06
4343(1013158):	1.27616e+08	-6.50072e+06
4345(1013133):	8.36183e+07	-6.45503e+06
4346(1013199):	8.38727e+07	-7.90743e+06
4349(1013057):	5.50767e+07	-4.9816e+06
4350(295079723):	1.51823e+06	-203495
4381(295079710):	4.58432e+07	-2.80331e+06
4398(2038110):	9.45914e+07	-3.4107e+06
4402(1013026):	6.58279e+07	-8.24259e+06
4417(295079699):	8.10422e+07	-4.50682e+06
4612(1013069):	7.7281e+07	-9.40863e+06
4620(1012852):	7.35027e+07	-5.89201e+06
4783(295097740):	7.87352e+07	-826527
4793(1012898):	1.52463e+08	-1.44468e+07
4796(295096992):	6.14815e+07	-2.82053e+06
4799(295097163):	1.79756e+06	-36969.2
4822(1013153):	5.82894e+08	-1.42299e+07
4823(295040271):	1.28121e+08	-1.64425e+07
4824(295079722):	2.31409e+08	-3.2194e+06
4826(295081225):	3.60556e+08	-1.36677e+07
4827(2039329):	2.50097e+08	-1.77423e+07
4828(2038202):	2.96969e+08	-2.872e+07
4865(1013174):	4.04971e+07	-1.91926e+07
4867(1013186):	1.11365e+08	-2.21553e+07
4868(1012945):	4.64031e+07	-2.23253e+06
4875(1013277):	1.3352e+08	-3.00657e+06
4879(2037284):	1.11214e+08	-6.09072e+06
4881(1013120):	2.0835e+08	-6.26713e+06
4882(1013134):	1.45674e+08	-3.41972e+06
4885(1013102):	8.88542e+07	-1.51071e+07
4886(1013088):	7.38521e+07	-1.01169e+07
4887(1012957):	1.19467e+08	-7.23666e+06
4892(1013197):	9.45628e+07	-1.2254e+07
4895(2039265):	5.81758e+07	-3.84698e+06
4896(1012934):	7.71062e+07	-1.8491e+06
4897(1013261):	1.15224e+08	-8.47084e+06
4900(1013067):	8.27051e+07	-5.6823e+06
4913(1013014):	7.31186e+07	-1.44034e+06
4916(295080435):	4.31665e+07	-513952
4946(1013288):	9.36134e+07	-1.09892e+07
4947(1012990):	6.28143e+07	-9.54549e+06
4948(1013023):	8.39692e+07	-2.7886e+06
4949(1013206):	1.13252e+08	-2.95422e+06
4971(295163340):	4.0257e+06	-161325
5000(1013021):	1.45704e+08	-4.11482e+06
5085(295094636):	4.82176e+08	-1.16882e+07
5089(295096278):	1.04765e+06	-124896
5131(2039881):	1.52987e+08	-5.30775e+06
5153(295010320):	5.66433e+07	-1.81573e+06
5158(1013095):	1.28143e+08	-2.65059e+06
5167(295081220):	3.09431e+06	-204463
5171(1012949):	3.68787e+08	-1.84245e+07
5173(1013220):	1.07611e+08	-1.08323e+07
5174(295081265):	9.23095e+07	-4.43869e+06
5193(1013205):	7.20812e+07	-3.08034e+06
5195(1013075):	5.52171e+07	-1.87198e+06
5198(1013000):	7.21079e+07	-1.82291e+06
5245(1013160):	5.60728e+07	-1.26913e+07
5518(295081218):	4.67922e+07	-1.50995e+06
5521(1012986):	1.25462e+08	-6.71323e+06
5570(3131676):	1.25529e+08	-4.60486e+06
5735(1013081):	1.90692e+08	-6.98399e+06
5752(9082278):	5.1924e+08	-2.30162e+07
5755(1013271):	2.41213e+08	-4.09335e+06
5767(2038396):	2.16549e+08	-1.19247e+07
5769(2037962):	2.3065e+08	-7.51813e+06
5795(1012853):	7.2608e+07	-6.04876e+06
5809(1012927):	1.36689e+08	-2.22459e+07
5810(1012980):	1.41607e+08	-7.16748e+06
5811(1012930):	1.07033e+08	-1.95966e+07
5817(1012983):	9.82823e+07	-7.78336e+06
5818(1012860):	7.54215e+07	-2.13017e+06
5819(1013184):	1.02521e+08	-3.05312e+07
5820(1013001):	9.16263e+07	-1.43256e+07
5823(1012989):	6.42938e+07	-7.27425e+06
5827(1012963):	4.80639e+07	-9.03109e+06
5828(1013233):	8.16895e+07	-1.78243e+07
5834(1013289):	1.30712e+08	-2.18058e+06
5835(1012893):	6.21336e+07	-1.49724e+07
5837(2039251):	7.95581e+07	-1.09434e+06
5848(295094844):	2.19107e+07	-909303
5854(295096290):	1.33307e+06	-282617
5855(295095860):	654788	-120440
5859(1013018):	9.63025e+07	-3.89575e+06
5860(295101766):	1.02114e+07	-591490
5861(295087279):	1.67217e+07	-296784
5863(295087865):	1.7887e+07	-867297
5873(2037218):	2.01513e+07	-3.76449e+06
5883(295080436):	7.65244e+06	-110.499
5884(295101582):	8.42526e+06	-163807
5891(295096282):	1.08467e+06	-99081.8
5896(295102970):	6.76277e+07	-792394
5909(295116927):	3.93417e+07	-7.72278e+06
5925(295094777):	1.37203e+07	-103775
5928(295097560):	9.68303e+06	-191907
5998(1013043):	1.63974e+08	-2.26097e+07
6088(1013017):	1.18905e+08	-3.82056e+06
6096(295096277):	3.19673e+06	-964582
6124(295087679):	4.46638e+06	-64930.3
6130(2037891):	3.00547e+07	-1.28446e+06
6140(1012993):	9.16182e+07	-8.79046e+06
6141(1013164):	6.6093e+07	-1.56636e+07
6143(1013058):	4.9544e+07	-4.46701e+06
6152(1013268):	4.65348e+07	-2.26425e+06
6185(295096289):	1.40527e+07	-937076
6206(295131525):	1.37093e+08	-920761
6232(295172939):	1.73072e+08	-4.83805e+06
6654(295101567):	6.1448e+07	-636355
6659(1012940):	2.50392e+08	-7.9481e+06
6692(1013272):	1.80992e+08	-7.77498e+07
6693(295101746):	1.42433e+09	-4.32342e+07
6694(1013244):	1.16499e+08	-2.55914e+06
6729(295101757):	2.05158e+07	-1.11102e+06
6730(1012972):	7.57262e+07	-4.88757e+07
6743(2038226):	2.06515e+08	-9.90265e+06
6746(2038228):	1.73208e+08	-8.00212e+06
6747(2039259):	7.77115e+07	-2.32021e+06
6749(1013116):	1.69479e+08	-3.75054e+06
6754(1013162):	5.42677e+07	-1.35991e+07
6755(1013006):	8.30105e+07	-1.04133e+07
6756(1013089):	5.80879e+07	-1.57492e+07
6757(1012901):	8.40851e+07	-1.38828e+07
6758(1013078):	8.60659e+07	-2.26272e+06
6761(1012887):	8.24359e+07	-6.27281e+06
6762(1013171):	6.37456e+07	-1.10074e+07
6769(1012935):	7.57072e+07	-1.18977e+06
6771(1012926):	7.13486e+07	-3.93836e+06
6787(295101768):	2.0783e+07	-561685
6789(295094874):	2.04179e+07	-203134
6803(295081038):	921531	-85800.1
6807(295096734):	2.32489e+07	-2.46439e+06
6808(295102915):	704040	-57105.4
6811(295103581):	5.05107e+07	-922381
6812(1012954):	1.13096e+08	-4.93538e+06
6814(295076504):	1.56529e+07	-479850
6815(2038842):	3.19236e+07	-820181
6816(1012938):	9.91489e+07	-2.55418e+06
6825(295168134):	6.90948e+06	-296576
6829(295080445):	6.47891e+06	-216697
6841(1013105):	6.62848e+07	-3.786e+06
6867(2039726):	9.32593e+07	-1.63639e+06
7026(1012999):	2.43755e+08	-4.80044e+06
7047(1013076):	7.65846e+07	-1.09007e+06
7055(1013151):	4.93927e+07	-1.32748e+08
7056(1013182):	6.83464e+07	-5.31135e+07
7059(1013181):	9.56996e+07	-3.60654e+07
7060(1013040):	1.59971e+08	-6.52408e+06
7062(2037894):	4.06135e+08	-8.91179e+06
7076(1013072):	8.31569e+07	-1.16862e+07
7083(1013046):	8.06424e+07	-1.62978e+06
7084(1012933):	8.74659e+07	-2.27545e+06
7101(1012914):	6.02995e+07	-3.54753e+06
7119(1012996):	1.13735e+08	-1.67232e+06
7130(1012890):	7.60968e+07	-1.36163e+07
7136(1012884):	8.52173e+07	-8.39794e+06
7159(295164553):	3.10053e+08	-7.82519e+06
7323(1012964):	7.20303e+07	-1.00859e+07
7514(1012854):	3.53291e+07	-1.66202e+06
7542(295080528):	8.99453e+07	-2.23785e+06
7622(1012924):	1.48153e+08	-4.34484e+06
7623(1013222):	1.21002e+08	-5.27408e+07
7629(2037899):	3.19773e+08	-1.8718e+07
7672(1013176):	3.74543e+08	-1.31771e+07
7675(1013126):	1.33844e+08	-1.62606e+07
7677(1013183):	8.20222e+07	-3.27362e+07
7682(295087346):	1.40176e+07	-990806
7687(1013010):	1.49608e+08	-1.33738e+07
7692(1012946):	8.88715e+07	-4.09967e+06
7694(1012867):	8.15458e+07	-1.84653e+07
7695(1013212):	1.93163e+08	-9.33574e+06
7696(2038338):	7.37682e+07	-1.71804e+06
7699(2037884):	1.81266e+07	-847957
7700(2037888):	1.07865e+07	-1.53684e+06
7701(295094178):	8.79561e+08	-8.94825e+07
7702(295094208):	2.72493e+08	-1.63217e+07
7704(1013035):	1.21891e+08	-1.95836e+06
7705(1012877):	1.53765e+08	-1.59098e+07
7708(1013179):	1.20794e+08	-8.03473e+06
7709(1013168):	6.88461e+07	-1.30015e+07
7710(295080486):	5.21252e+07	-4.7351e+06
7715(1012997):	7.10382e+07	-1.06261e+07
7717(295080442):	3.45469e+07	-3.62988e+06
7719(1013104):	1.01132e+08	-2.08551e+06
7729(295096983):	5.51524e+07	-628256
7732(295101248):	1.08898e+07	-68299.5
7738(1012910):	5.94853e+07	-2.26336e+06
7750(295081421):	946978	-112352
7753(1013121):	1.50858e+08	-1.68394e+07
7755(1013031):	3.93117e+07	-1.43531e+06
7762(1013211):	9.07164e+07	-4.09346e+06
7764(295148913):	4.08479e+07	-541044
7765(1012968):	7.21258e+07	-2.0449e+06
7776(295101579):	6.12055e+06	-92369.5
7780(295094209):	6.82582e+06	-92896.3
7827(295510511):	3.19931e+06	-14103
7846(295511884):	157848	-30779.1
7913(1013039):	6.2702e+07	-5.66993e+06
7975(2037897):	2.04064e+08	-8.91014e+06
7976(2038845):	1.10572e+08	-2.96405e+07
7997(1013155):	4.56527e+07	-1.27268e+08
8001(2037886):	2.49576e+07	-1.21141e+06
8010(295080454):	2.10177e+08	-7.08309e+06
8019(1012882):	1.29634e+08	-1.65941e+06
8024(295099698):	1.29448e+06	-46520.5
8031(1013055):	8.61595e+07	-2.90585e+06
8044(295081240):	1.01901e+07	-412639
8051(1013103):	1.61786e+08	-3.60164e+06
8059(1013118):	1.87468e+08	-4.13045e+06
8062(1013034):	1.01772e+08	-5.93142e+06
8063(1013230):	1.65534e+08	-5.00944e+06
8082(1013131):	6.25912e+07	-7.91867e+06
8088(1012995):	8.00167e+07	-4.37383e+06
8105(1013139):	1.0771e+08	-7.19065e+06
8106(1012894):	6.0764e+07	-1.33012e+07
8107(1013060):	1.01268e+08	-2.70565e+06
8371(2037878):	2.73326e+08	-8.72596e+06
8398(295097181):	1.55262e+06	-198190
8532(1013170):	6.48658e+07	-1.02075e+07
8558(295116926):	1.83509e+08	-6.14268e+06
8584(295081239):	3.08964e+08	-1.22626e+07
8585(295101605):	8.64243e+07	-86664.8
8586(295101867):	6.94931e+07	-62813.5
8595(295080459):	8.50024e+07	-2.29104e+06
8640(1013041):	1.98089e+08	-4.8275e+06
8641(295148996):	7.21049e+07	-3.64977e+06
8644(2038112):	1.12335e+08	-2.3379e+06
8645(1012897):	9.0001e+07	-2.82723e+07
8648(1012929):	9.89939e+07	-2.02198e+07
8653(1013100):	8.07894e+07	-2.48164e+06
8654(2038944):	8.77377e+07	-2.33211e+06
8659(1013110):	1.14909e+08	-4.24042e+06
8660(2038339):	7.45999e+07	-3.32756e+06
8663(1013111):	1.52893e+08	-2.06311e+06
8665(1013228):	7.85588e+07	-1.15638e+07
8666(295010321):	6.85609e+07	-1.87987e+06
8667(2037955):	1.30081e+08	-4.47867e+06
8669(295081234):	1.39457e+08	-858194
8675(1013054):	1.35964e+08	-3.91273e+06
8684(2039592):	7.43066e+07	-1.59686e+06
8689(295095851):	4.54427e+06	-5850.23
8691(295075594):	4.09606e+06	-107749
8695(295087883):	2.64866e+06	-781108
8698(295101590):	2.28635e+06	-77540.5
8701(295103531):	8.64782e+06	-509.283
8716(295097006):	1.48478e+07	-245276
8720(1013033):	1.85286e+08	-4.81542e+06
8734(1013061):	4.38232e+07	-5.35077e+06
8735(1013208):	6.7428e+07	-4.51025e+06
8766(295101747):	8.12042e+06	-782386
8956(1012950):	1.37893e+08	-1.17664e+06
8960(295101596):	3.00905e+08	-1.42731e+07
8976(1013253):	2.1978e+07	-4.4372e+07
8986(1013097):	1.50036e+08	-4.24609e+06
8989(2038401):	8.22114e+08	-3.63909e+07
8993(1013048):	8.26223e+07	-9.5267e+06
8995(1012994):	1.04771e+08	-2.80147e+06
9004(1012923):	9.81737e+07	-2.71619e+06
9016(1013127):	1.11485e+08	-7.21146e+06
9017(1013278):	1.28083e+08	-3.23908e+06
9018(1012872):	1.18308e+08	-1.05981e+07
9032(1012955):	6.32385e+07	-1.18024e+07
9033(1013065):	4.39283e+07	-2.73137e+06
9035(1013073):	8.81442e+07	-7.77234e+06
9043(1012855):	5.2251e+07	-2.22841e+06
9052(1012895):	6.66784e+07	-1.94085e+07
9502(295081616):	8.98965e+07	-1.03662e+07
9510(295082361):	1.55753e+08	-7.1716e+06
9520(2037903):	1.46525e+08	-3.9661e+06
9556(295094870):	1.69614e+08	-2.93838e+06
9559(295082366):	9.66036e+08	-2.7322e+07
9561(295101573):	2.26693e+08	-1.13478e+07
9562(1013243):	2.20069e+08	-7.19928e+06
9606(295087307):	9.7933e+07	-4.70162e+06
9608(1013173):	3.78729e+07	-1.94529e+07
9611(295144190):	1.52215e+08	-4.05008e+06
9612(1013096):	1.51649e+08	-4.36894e+06
9623(2037202):	1.08289e+08	-2.46161e+06
9624(295096279):	1.05096e+06	-126491
9626(1013101):	8.78095e+07	-2.4043e+06
9627(1012982):	8.46485e+07	-2.12747e+06
9628(295095060):	3.33991e+07	-1.34894e+06
9629(1012971):	6.5237e+07	-1.01122e+07
9630(1013038):	7.09261e+07	-5.60153e+06
9634(1013141):	9.625e+07	-7.02283e+06
9637(1012932):	1.09998e+08	-3.53547e+06
9640(1012960):	1.18947e+08	-6.10158e+06
9649(1013066):	1.20469e+08	-2.01518e+06
9657(295084173):	1.29665e+06	-237152
9661(295094622):	3.23082e+06	-175364
9662(295094877):	3.37243e+06	-36069.8
9668(295080451):	4.38021e+06	-620657
9679(295081374):	1.29866e+07	-27775.1
9706(295102956):	1.37521e+06	-32086.7
9718(295129714):	405959	-40001.1
9720(2037215):	4.90933e+07	-2.21449e+06
9726(1013285):	4.21543e+07	-4.57951e+06
9727(295079725):	8.75329e+07	-3.3603e+06
9728(1013241):	8.86145e+07	-2.04861e+06
9745(295079652):	2.6988e+07	-910681
9747(295095160):	1.17289e+07	-578897
9760(295127871):	2.15448e+08	-6.89743e+06
9865(295095132):	4.19935e+06	-292848
9894(295097774):	1.85591e+08	-4.39136e+06
9931(1013267):	5.50149e+07	-2.72699e+06
9935(1013191):	1.12268e+08	-2.58031e+07
9937(1013203):	5.12662e+07	-7.96166e+06
9941(2036986):	6.4067e+08	-1.5963e+07
9943(2039727):	9.75081e+08	-4.10896e+07
9955(1013045):	8.69252e+07	-1.78445e+06
9962(295081246):	1.10098e+07	-525700
9963(295094828):	2.28675e+07	-2.53252e+06
9969(1012871):	1.19132e+08	-9.54848e+06
9996(295113055):	8.13454e+07	-3.13658e+06
9997(1012928):	9.09512e+07	-6.06796e+06
10002(1012998):	6.40602e+07	-1.15906e+07
10004(1012936):	8.57891e+07	-6.26446e+06
10013(1013252):	3.75619e+07	-4.0039e+07
10516(295094779):	4.17059e+06	-439301
10525(1013079):	2.10175e+08	-5.08723e+06
10526(2037904):	1.45086e+08	-2.78932e+06
10527(2039725):	1.25538e+08	-3.36701e+06
10562(1013070):	2.85093e+08	-7.58096e+06
10567(295134826):	2.71117e+08	-9.32456e+06
10618(1012862):	1.36878e+08	-3.31311e+06
10624(1012973):	1.10807e+08	-1.83365e+07
10637(1012904):	8.26029e+07	-4.49305e+06
10638(1013269):	1.37671e+08	-3.64905e+07
10641(1012974):	8.38625e+07	-1.07354e+07
10642(1012868):	1.15729e+08	-1.71366e+07
10647(2037442):	7.49364e+07	-3.14751e+06
10648(1013234):	9.02548e+07	-2.72191e+07
10649(295101806):	9.28638e+06	-635371
10650(295094177):	2.51914e+09	-5.27298e+07
10656(1013161):	5.46826e+07	-1.35211e+07
10657(295010323):	3.09167e+07	-1.53053e+07
10658(1012976):	8.00088e+07	-942177
10707(295111490):	1.81829e+08	-5.89201e+06
10716(2037853):	5.81842e+08	-2.40503e+07
10730(9059028):	5.8018e+08	-2.06326e+07
10761(2038199):	1.26552e+08	-2.74368e+06
10763(295080440):	3.51009e+07	-1.05779e+06
10765(1013232):	9.21309e+07	-1.7228e+07
10769(1012858):	4.90785e+07	-2.51862e+06
10771(2039718):	8.05673e+07	-2.28123e+06
10773(1013099):	8.05369e+07	-2.53243e+06
10781(295087674):	1.9365e+06	-180673
10782(1012856):	4.97461e+07	-2.46989e+06
10790(295095849):	7.55264e+06	-19372.7
10791(295083698):	3.5107e+07	-1.67938e+06
10807(295097377):	751806	-18222.4
10826(295102034):	3.7364e+06	-121658
10835(295102558):	1.39031e+07	-511960
10911(2038233):	2.85559e+08	-1.08752e+07
10930(1013152):	4.40355e+07	-1.25903e+08
10940(1013295):	7.47685e+07	-6.75413e+06
10950(295079700):	5.46122e+06	-137254
10952(1013262):	7.70657e+07	-9.88749e+06
10953(295101759):	8.70881e+06	-376378
10954(295080524):	3.61886e+06	-68834.5
10957(295060367):	6.70128e+07	-2.3254e+06
10964(1012870):	8.09972e+07	-1.06179e+07
10984(295080443):	1.95238e+07	-1.62328e+06
10990(2037101):	5.05207e+07	-1.68998e+06
10992(1013257):	1.05311e+08	-1.24627e+07
10996(1012879):	7.19521e+07	-7.16112e+06
10997(1012851):	7.40108e+07	-5.90443e+06
11001(1012908):	4.48488e+07	-1.018e+07
11008(295101758):	3.43376e+07	-980649
11018(295095063):	2.6351e+06	-132120
11020(295081226):	1.08424e+07	-165581
11032(295095357):	4.70116e+07	-1.01137e+06
11044(1013291):	8.02522e+07	-2.01377e+06
11046(1013053):	7.81181e+07	-1.64204e+06
11048(295103728):	2.5528e+07	-105863
11049(1012978):	4.89475e+07	-1.20394e+06
11055(1013024):	8.29521e+07	-1.53747e+06
11067(295094843):	8.18474e+06	-66604.9
11134(295139751):	3.35985e+06	-406586
11178(2036979):	9.18253e+08	-8.13853e+06
11179(295516186):	8.37278e+06	-443528
11261(1012979):	1.62484e+08	-7.67748e+06
11265(1012981):	1.322e+08	-1.85343e+07
11277(1013221):	1.56101e+08	-4.71874e+06
11278(1012931):	7.55923e+07	-7.42012e+06
11283(295079709):	1.77466e+06	-105200
11291(295101045):	2.43833e+07	-2.56979e+06
11292(1013225):	9.80754e+07	-8.8705e+06
11296(1013180):	7.58988e+07	-4.35715e+07
11314(295116925):	7.6202e+07	-2.43078e+06
11316(1013124):	7.71474e+07	-5.17711e+06
11318(1013219):	5.89881e+07	-1.86898e+07
11327(2039717):	8.16819e+07	-2.28605e+06
11328(1012892):	6.34328e+07	-2.09914e+07
11414(295030288):	1.63828e+08	-4.68338e+06
11627(1013036):	1.17828e+08	-1.49828e+06
11885(1012987):	9.41001e+07	-8.22008e+06
11903(295081033):	4.29544e+07	-1.74458e+06
11906(295081243):	4.99991e+07	-2.06421e+06
11911(1012874):	8.84259e+07	-7.05648e+06
11912(1013280):	7.20941e+07	-3.17848e+06
11916(1012881):	9.43625e+07	-2.05179e+07
11917(1013229):	9.72789e+07	-8.63039e+06
11927(1013245):	6.34243e+07	-1.14951e+07
11928(1013090):	8.01372e+07	-1.19288e+07
11939(295101816):	1.49177e+07	-1.3761e+06
11952(295096280):	1.10065e+06	-102284
11953(295095340):	769924	-16120
11966(295097004):	1.70901e+07	-92953.6
11978(295094780):	1.09578e+06	-131586
12061(2037445):	8.73579e+07	-4.40635e+06
12062(1013188):	1.14827e+08	-2.52864e+07
12064(1012896):	1.02876e+08	-2.58441e+07
12080(1013128):	1.42711e+08	-2.58339e+06
12082(1013167):	7.50841e+07	-1.24151e+07
12083(1013159):	7.48546e+07	-1.55168e+07
12084(1013218):	9.09624e+07	-8.56054e+06
12089(1012991):	7.9283e+07	-2.72518e+06
12092(295085068):	5.85774e+07	-1.07999e+06
12099(295096733):	2.39785e+07	-2.60971e+06
12106(1012912):	1.0909e+08	-2.12764e+06
12126(1013004):	7.85075e+07	-5.74539e+06
12466(1013224):	9.72053e+07	-8.71738e+06
12502(295101765):	1.88949e+07	-895878
12512(295095118):	4.81521e+06	-54536.5
12572(2039710):	1.17235e+08	-3.18097e+06
12584(295094875):	5.62051e+08	-1.74195e+07
12592(1012913):	9.97156e+07	-2.39487e+06
12593(2038019):	5.26809e+08	-5.85999e+07
12596(2037122):	1.85885e+08	-2.84375e+07
12598(2037814):	1.65557e+08	-6.28517e+06
12636(1013091):	1.54839e+08	-4.54683e+06
12637(1013125):	1.29248e+08	-2.48934e+06
12639(3131675):	2.49693e+07	-5.41945e+07
12640(295030365):	1.42478e+08	-1.93918e+07
12642(2038200):	1.42626e+08	-2.45954e+06
12648(1013094):	8.06151e+07	-2.4951e+06
12650(2037896):	6.67612e+07	-1.6121e+06
12651(1012969):	9.95054e+07	-7.67753e+06
12652(1012939):	1.13428e+08	-2.31787e+06
12653(295112328):	1.30803e+08	-9.1655e+06
12657(1013256):	1.56043e+08	-5.60101e+06
12660(1013144):	1.20471e+08	-2.5724e+06
12664(1013259):	7.53604e+07	-1.12569e+07
12665(1012977):	4.7336e+07	-1.15976e+06
12669(295080529):	1.6618e+06	-102533
12671(1012861):	5.02867e+07	-2.36952e+06
12673(295095131):	1.58649e+06	-246891
12676(295094179):	3.28443e+06	-74559.1
12678(295095857):	5.76428e+06	-130806
12680(295081094):	9.48414e+06	-516908
12703(1013002):	5.93812e+07	-4.23879e+06
12704(1013281):	1.22658e+07	-2.73762e+07
12716(295103532):	6.96284e+06	-627.773
12717(295087309):	6.55328e+07	-2.68423e+06
12727(295079680):	5.07607e+06	-270396
12728(295079679):	4.84682e+06	-309397
12851(2039261):	3.18208e+08	-1.58345e+07
12856(1012850):	1.19148e+08	-1.51081e+07
12872(1013165):	5.14539e+07	-1.19263e+08
12875(1012959):	2.35197e+08	-2.777e+06
12882(1013204):	1.58751e+08	-3.34278e+06
12890(295101082):	1.04025e+06	-155792
12901(1013044):	7.97103e+07	-1.50664e+06
12904(1013030):	8.28085e+07	-2.25577e+06
12906(295081448):	1.26217e+07	-191989
12910(295079698):	1.83866e+07	-21376.6
12915(295101763):	5.4347e+06	-176416
12925(1013050):	1.02732e+08	-4.52879e+06
12932(1013283):	7.62113e+07	-1.04515e+07
12933(1012937):	6.20461e+07	-1.17422e+07
12935(1013064):	5.0755e+07	-3.94333e+06
13388(295104837):	2.29276e+08	-9.22234e+06
13443(2037816):	7.80396e+07	-29025.2
13445(1012953):	1.18818e+08	-3.98179e+07
13447(1013107):	1.35368e+09	-2.29772e+07
13452(1013263):	1.7646e+08	-3.0546e+07
13456(2036987):	4.88744e+08	-1.34686e+07
13457(1013223):	1.56453e+08	-8.87159e+06
13459(2037446):	1.41771e+08	-6.74591e+06
13488(1013172):	5.15432e+07	-1.30881e+07
13489(1012859):	1.08048e+08	-1.1926e+07
13491(1012961):	1.67293e+08	-6.88493e+06
13495(2039712):	1.036e+08	-2.57946e+06
13497(2038111):	9.93018e+07	-2.13671e+06
13503(1013198):	7.82883e+07	-1.39656e+07
13504(295009895):	1.48848e+08	-4.97358e+06
13505(2750089):	9.29677e+07	-9.18679e+06
13506(295096301):	2.82064e+08	-1.75198e+07
13509(1012985):	9.72864e+07	-1.06028e+07
13512(1012962):	4.66598e+07	-7.91488e+06
13514(1013092):	7.98734e+07	-2.47605e+06
13515(1013146):	1.60628e+08	-4.25577e+06
13518(1013108):	8.8109e+07	-8.23266e+06
13519(1013239):	1.36713e+08	-1.01598e+07
13520(1013042):	6.45025e+07	-2.12697e+07
13522(1013175):	4.00156e+07	-1.76967e+07
13523(1012984):	7.29603e+07	-7.45628e+06
13525(1013258):	1.07885e+08	-1.26849e+07
13532(1012889):	7.64846e+07	-1.32902e+07
13534(1013216):	7.50976e+07	-1.0176e+07
13535(1012863):	6.20451e+07	-7.98674e+06
13542(295081238):	7.46498e+06	-481531
13544(295094207):	9.0614e+06	-159030
13559(295096281):	1.08719e+06	-96993.7
13562(295096976):	2.30584e+07	-2.24583e+06
13563(295094829):	2.30063e+07	-2.5261e+06
13564(2039716):	1.30109e+09	-3.87012e+07
13566(295095358):	1.02152e+06	-13022
13571(1013215):	6.71789e+07	-5.2427e+06
13572(1013282):	5.68599e+07	-5.69273e+06
13573(1012916):	8.22662e+07	-2.29595e+06
13576(1013207):	9.70829e+07	-1.77226e+06
13581(1013214):	1.00374e+08	-1.24312e+06
13583(295102607):	3.28163e+07	-2.55081e+06
13605(295094186):	7.5385e+06	-78031.9
13639(295127868):	1.28866e+08	-7.19921e+06
13771(295514154):	7.18336e+08	-3.79578e+07
13826(1013156):	8.50746e+07	-1.57915e+07
13829(1013237):	9.59724e+07	-2.97926e+06
13833(1013286):	1.08429e+08	-2.01757e+06
13834(1013062):	4.68023e+07	-6.99308e+06
13840(1013265):	8.06477e+07	-1.33495e+07
13846(295096984):	2.51021e+07	-201358
13865(1012943):	5.30737e+07	-2.6776e+06
13870(1013077):	6.18184e+07	-1.0267e+07
13877(1012970):	1.3663e+08	-4.65451e+06
13884(1012903):	9.34173e+07	-8.74589e+06
14331(1012899):	1.42476e+08	-1.44663e+07
14338(1013019):	6.63651e+07	-3.51435e+06
14360(1013270):	1.86109e+08	-8.50198e+07
14361(2038336):	3.12901e+08	-1.38978e+07
14362(295080444):	6.50952e+08	-2.95157e+07
14367(1013080):	1.15887e+08	-3.50018e+07
14398(295116928):	1.54535e+08	-3.2301e+06
14399(2036988):	1.11076e+08	-7.36468e+06
14406(2039335):	1.23621e+08	-4.89676e+06
14407(2037889):	1.25065e+07	-4.62461e+06
14409(1012906):	1.36406e+08	-1.01913e+07
14410(1013187):	1.2486e+08	-2.18563e+07
14412(1012919):	1.32338e+08	-2.77922e+06
14419(1013287):	7.85987e+07	-9.1067e+06
14420(1013087):	5.89984e+07	-1.5749e+07
14425(1013240):	6.81693e+07	-2.74264e+06
14427(1012865):	7.32417e+07	-5.92122e+06
14433(1012944):	1.11367e+08	-1.60485e+06
14437(1012907):	9.49895e+07	-4.86954e+06
14451(1013015):	3.84447e+07	-1.14904e+07
14479(295099699):	882270	-61102.6
14484(1013025):	7.86193e+07	-1.93058e+06
14485(295103727):	2.04533e+07	-681639
14486(1012915):	8.95277e+07	-5.62304e+06
14507(295101787):	8.24751e+06	-211421
14508(295101643):	7.0601e+06	-37941.8
14509(295095062):	8.05091e+06	-642385
14518(295081205):	5.13777e+06	-236486
14544(2037880):	4.28615e+08	-4.7253e+07
14682(2037099):	7.0821e+07	-1.43532e+07
14712(2037954):	1.36151e+08	-4.82105e+06
14715(1012925):	1.31692e+08	-3.24977e+06
14716(295081201):	3.30825e+09	-4.37896e+07
14723(1013190):	1.22884e+08	-2.22238e+07
14724(1013193):	1.12174e+08	-2.5166e+07
14725(2037883):	2.34118e+07	-1.35846e+06
14726(295080453):	3.2714e+06	-398185
14727(1013140):	1.08285e+08	-8.47636e+06
14733(295132125):	683061	-58286.8
14735(2038398):	1.97884e+07	-137548
14737(1013264):	4.95813e+07	-4.94172e+06
14738(295101589):	1.12597e+07	-1.51539e+06
14743(295101080):	3.25239e+06	-1.85457e+06
14747(2038945):	7.67073e+07	-273153
14748(2037285):	1.6127e+08	-5.15063e+06
14752(1013109):	9.76978e+07	-6.88157e+06
14769(2039729):	6.55231e+07	-1.66322e+06
15019(1013037):	1.17665e+08	-1.2597e+07
